  Проверка исходных файлов
  Удаленное копирование исходных файлов в "192.168.109.128"
  Проверка архитектуры
  Проверка архитектуры
  Запуск удаленной сборки.
  Компиляция исходных файлов:
  main.cpp
D:\Program Files (x86)\project\gate_emt_dts_lin\main.cpp(71,21): warning : unused variable ‘mut_out’ [-Wunused-variable]
D:\Program Files (x86)\project\gate_emt_dts_lin\main.cpp(71,21): warning :      pthread_mutex_t mut_out = PTHREAD_MUTEX_INITIALIZER;
D:\Program Files (x86)\project\gate_emt_dts_lin\main.cpp(71,21): warning :                      ^~~~~~~
D:\Program Files (x86)\project\gate_emt_dts_lin\main.cpp(72,21): warning : unused variable ‘mut_in’ [-Wunused-variable]
D:\Program Files (x86)\project\gate_emt_dts_lin\main.cpp(72,21): warning :      pthread_mutex_t mut_in = PTHREAD_MUTEX_INITIALIZER;
D:\Program Files (x86)\project\gate_emt_dts_lin\main.cpp(72,21): warning :                      ^~~~~~
D:\Program Files (x86)\project\gate_emt_dts_lin\main.cpp(77,16): warning : unused variable ‘m’ [-Wunused-variable]
D:\Program Files (x86)\project\gate_emt_dts_lin\main.cpp(87,12): warning : unused variable ‘in’ [-Wunused-variable]
D:\Program Files (x86)\project\gate_emt_dts_lin\main.cpp(87,12): warning :      float* in = new float[100];
D:\Program Files (x86)\project\gate_emt_dts_lin\main.cpp(87,12): warning :             ^~
D:\Program Files (x86)\project\gate_emt_dts_lin\GatePPDClient.h(78,13): warning : ‘int FuncRcvPPD(void*, Value&, int32_t)’ declared ‘static’ but never defined [-Wunused-function]
D:\Program Files (x86)\project\gate_emt_dts_lin\GatePPDClient.h(78,13): warning :   friend int FuncRcvPPD(void* argPtr, Value& value, int32_t chnlId);
D:\Program Files (x86)\project\gate_emt_dts_lin\GatePPDClient.h(78,13): warning :              ^~~~~~~~~~
  Связывание объектов
  gate_emt_dts_lin.vcxproj -> D:\Program Files (x86)\project\gate_emt_dts_lin\bin\x64\Release\gate_emt_dts_lin.out
